{"C:\\Users\\JaimeOluchaBuendia\\OneDrive - Soluciones Cuatroochenta, S.A\\JAIME\\practicas480\\Formaciones\\Udemy_React\\02-first-steps\\src\\FirstStepsApp.tsx": {"path":"C:\\Users\\JaimeOluchaBuendia\\OneDrive - Soluciones Cuatroochenta, S.A\\JAIME\\practicas480\\Formaciones\\Udemy_React\\02-first-steps\\src\\FirstStepsApp.tsx","statementMap":{"0":{"start":{"line":8,"column":34},"end":{"line":12,"column":null}},"1":{"start":{"line":15,"column":4},"end":{"line":20,"column":null}},"2":{"start":{"line":18,"column":55},"end":{"line":20,"column":null}}},"fnMap":{"0":{"name":"FirstStepsApp","decl":{"start":{"line":14,"column":16},"end":{"line":14,"column":null}},"loc":{"start":{"line":14,"column":16},"end":{"line":31,"column":null}},"line":14},"1":{"name":"(anonymous_1)","decl":{"start":{"line":18,"column":29},"end":{"line":18,"column":30}},"loc":{"start":{"line":18,"column":55},"end":{"line":20,"column":null}},"line":18}},"branchMap":{},"s":{"0":1,"1":3,"2":9},"f":{"0":3,"1":9},"b":{},"meta":{"lastBranch":0,"lastFunction":2,"lastStatement":3,"seen":{"s:8:34:12:Infinity":0,"f:14:16:14:Infinity":0,"s:15:4:20:Infinity":1,"f:18:29:18:30":1,"s:18:55:20:Infinity":2}}}
,"C:\\Users\\JaimeOluchaBuendia\\OneDrive - Soluciones Cuatroochenta, S.A\\JAIME\\practicas480\\Formaciones\\Udemy_React\\02-first-steps\\src\\MyAwesomeApp.tsx": {"path":"C:\\Users\\JaimeOluchaBuendia\\OneDrive - Soluciones Cuatroochenta, S.A\\JAIME\\practicas480\\Formaciones\\Udemy_React\\02-first-steps\\src\\MyAwesomeApp.tsx","statementMap":{"0":{"start":{"line":4,"column":13},"end":{"line":4,"column":null}},"1":{"start":{"line":5,"column":17},"end":{"line":5,"column":null}},"2":{"start":{"line":7,"column":22},"end":{"line":7,"column":null}},"3":{"start":{"line":8,"column":17},"end":{"line":8,"column":null}},"4":{"start":{"line":10,"column":16},"end":{"line":13,"column":null}},"5":{"start":{"line":15,"column":32},"end":{"line":21,"column":null}},"6":{"start":{"line":23,"column":28},"end":{"line":44,"column":null}},"7":{"start":{"line":24,"column":4},"end":{"line":41,"column":null}}},"fnMap":{"0":{"name":"(anonymous_0)","decl":{"start":{"line":23,"column":28},"end":{"line":23,"column":null}},"loc":{"start":{"line":23,"column":28},"end":{"line":44,"column":null}},"line":23}},"branchMap":{"0":{"loc":{"start":{"line":18,"column":21},"end":{"line":18,"column":null}},"type":"cond-expr","locations":[{"start":{"line":18,"column":32},"end":{"line":18,"column":42}},{"start":{"line":18,"column":42},"end":{"line":18,"column":null}}],"line":18},"1":{"loc":{"start":{"line":35,"column":17},"end":{"line":35,"column":null}},"type":"cond-expr","locations":[{"start":{"line":35,"column":28},"end":{"line":35,"column":39}},{"start":{"line":35,"column":39},"end":{"line":35,"column":null}}],"line":35}},"s":{"0":1,"1":1,"2":1,"3":1,"4":1,"5":1,"6":1,"7":3},"f":{"0":3},"b":{"0":[1,0],"1":[3,0]},"meta":{"lastBranch":2,"lastFunction":1,"lastStatement":8,"seen":{"s:4:13:4:Infinity":0,"s:5:17:5:Infinity":1,"s:7:22:7:Infinity":2,"s:8:17:8:Infinity":3,"s:10:16:13:Infinity":4,"s:15:32:21:Infinity":5,"b:18:32:18:42:18:42:18:Infinity":0,"s:23:28:44:Infinity":6,"f:23:28:23:Infinity":0,"s:24:4:41:Infinity":7,"b:35:28:35:39:35:39:35:Infinity":1}}}
,"C:\\Users\\JaimeOluchaBuendia\\OneDrive - Soluciones Cuatroochenta, S.A\\JAIME\\practicas480\\Formaciones\\Udemy_React\\02-first-steps\\src\\helpers\\math.helper.ts": {"path":"C:\\Users\\JaimeOluchaBuendia\\OneDrive - Soluciones Cuatroochenta, S.A\\JAIME\\practicas480\\Formaciones\\Udemy_React\\02-first-steps\\src\\helpers\\math.helper.ts","statementMap":{"0":{"start":{"line":4,"column":19},"end":{"line":6,"column":null}},"1":{"start":{"line":5,"column":4},"end":{"line":5,"column":null}},"2":{"start":{"line":7,"column":25},"end":{"line":9,"column":null}},"3":{"start":{"line":8,"column":4},"end":{"line":8,"column":null}},"4":{"start":{"line":10,"column":24},"end":{"line":12,"column":null}},"5":{"start":{"line":11,"column":4},"end":{"line":11,"column":null}},"6":{"start":{"line":13,"column":22},"end":{"line":15,"column":null}},"7":{"start":{"line":14,"column":4},"end":{"line":14,"column":null}}},"fnMap":{"0":{"name":"(anonymous_0)","decl":{"start":{"line":4,"column":19},"end":{"line":4,"column":20}},"loc":{"start":{"line":4,"column":31},"end":{"line":6,"column":null}},"line":4},"1":{"name":"(anonymous_1)","decl":{"start":{"line":7,"column":25},"end":{"line":7,"column":26}},"loc":{"start":{"line":7,"column":37},"end":{"line":9,"column":null}},"line":7},"2":{"name":"(anonymous_2)","decl":{"start":{"line":10,"column":24},"end":{"line":10,"column":25}},"loc":{"start":{"line":10,"column":36},"end":{"line":12,"column":null}},"line":10},"3":{"name":"(anonymous_3)","decl":{"start":{"line":13,"column":22},"end":{"line":13,"column":23}},"loc":{"start":{"line":13,"column":34},"end":{"line":15,"column":null}},"line":13}},"branchMap":{},"s":{"0":1,"1":1,"2":1,"3":2,"4":1,"5":2,"6":1,"7":1},"f":{"0":1,"1":2,"2":2,"3":1},"b":{},"meta":{"lastBranch":0,"lastFunction":4,"lastStatement":8,"seen":{"s:4:19:6:Infinity":0,"f:4:19:4:20":0,"s:5:4:5:Infinity":1,"s:7:25:9:Infinity":2,"f:7:25:7:26":1,"s:8:4:8:Infinity":3,"s:10:24:12:Infinity":4,"f:10:24:10:25":2,"s:11:4:11:Infinity":5,"s:13:22:15:Infinity":6,"f:13:22:13:23":3,"s:14:4:14:Infinity":7}}}
,"C:\\Users\\JaimeOluchaBuendia\\OneDrive - Soluciones Cuatroochenta, S.A\\JAIME\\practicas480\\Formaciones\\Udemy_React\\02-first-steps\\src\\shopping-cart\\ItemCounter.module.css": {"path":"C:\\Users\\JaimeOluchaBuendia\\OneDrive - Soluciones Cuatroochenta, S.A\\JAIME\\practicas480\\Formaciones\\Udemy_React\\02-first-steps\\src\\shopping-cart\\ItemCounter.module.css","statementMap":{},"fnMap":{},"branchMap":{},"s":{},"f":{},"b":{},"meta":{"lastBranch":0,"lastFunction":0,"lastStatement":0,"seen":{}}}
,"C:\\Users\\JaimeOluchaBuendia\\OneDrive - Soluciones Cuatroochenta, S.A\\JAIME\\practicas480\\Formaciones\\Udemy_React\\02-first-steps\\src\\shopping-cart\\ItemCounter.tsx": {"path":"C:\\Users\\JaimeOluchaBuendia\\OneDrive - Soluciones Cuatroochenta, S.A\\JAIME\\practicas480\\Formaciones\\Udemy_React\\02-first-steps\\src\\shopping-cart\\ItemCounter.tsx","statementMap":{"0":{"start":{"line":12,"column":27},"end":{"line":50,"column":null}},"1":{"start":{"line":14,"column":27},"end":{"line":14,"column":null}},"2":{"start":{"line":16,"column":22},"end":{"line":18,"column":null}},"3":{"start":{"line":17,"column":8},"end":{"line":17,"column":null}},"4":{"start":{"line":20,"column":28},"end":{"line":23,"column":null}},"5":{"start":{"line":21,"column":8},"end":{"line":21,"column":null}},"6":{"start":{"line":21,"column":24},"end":{"line":21,"column":null}},"7":{"start":{"line":22,"column":8},"end":{"line":22,"column":null}},"8":{"start":{"line":25,"column":4},"end":{"line":46,"column":null}}},"fnMap":{"0":{"name":"(anonymous_0)","decl":{"start":{"line":12,"column":27},"end":{"line":12,"column":28}},"loc":{"start":{"line":12,"column":57},"end":{"line":50,"column":null}},"line":12},"1":{"name":"(anonymous_1)","decl":{"start":{"line":16,"column":22},"end":{"line":16,"column":null}},"loc":{"start":{"line":16,"column":22},"end":{"line":18,"column":null}},"line":16},"2":{"name":"(anonymous_2)","decl":{"start":{"line":20,"column":28},"end":{"line":20,"column":null}},"loc":{"start":{"line":20,"column":28},"end":{"line":23,"column":null}},"line":20}},"branchMap":{"0":{"loc":{"start":{"line":12,"column":36},"end":{"line":12,"column":48}},"type":"default-arg","locations":[{"start":{"line":12,"column":47},"end":{"line":12,"column":48}}],"line":12},"1":{"loc":{"start":{"line":21,"column":8},"end":{"line":21,"column":null}},"type":"if","locations":[{"start":{"line":21,"column":8},"end":{"line":21,"column":null}},{"start":{},"end":{}}],"line":21},"2":{"loc":{"start":{"line":39,"column":31},"end":{"line":39,"column":null}},"type":"cond-expr","locations":[{"start":{"line":39,"column":44},"end":{"line":39,"column":52}},{"start":{"line":39,"column":52},"end":{"line":39,"column":null}}],"line":39}},"s":{"0":1,"1":8,"2":8,"3":1,"4":8,"5":2,"6":1,"7":1,"8":8},"f":{"0":8,"1":1,"2":2},"b":{"0":[8],"1":[1,1],"2":[2,6]},"meta":{"lastBranch":3,"lastFunction":3,"lastStatement":9,"seen":{"s:12:27:50:Infinity":0,"f:12:27:12:28":0,"b:12:47:12:48":0,"s:14:27:14:Infinity":1,"s:16:22:18:Infinity":2,"f:16:22:16:Infinity":1,"s:17:8:17:Infinity":3,"s:20:28:23:Infinity":4,"f:20:28:20:Infinity":2,"b:21:8:21:Infinity:undefined:undefined:undefined:undefined":1,"s:21:8:21:Infinity":5,"s:21:24:21:Infinity":6,"s:22:8:22:Infinity":7,"s:25:4:46:Infinity":8,"b:39:44:39:52:39:52:39:Infinity":2}}}
}
